<?xml version="1.0" encoding="UTF-8"?>
<testsuite name="cc.mallet.extract.test.TestPerDocumentF1Evaluator" time="0.05" tests="5" errors="0" skipped="0" failures="1">
  <properties>
    <property name="java.runtime.name" value="OpenJDK Runtime Environment"/>
    <property name="sun.boot.library.path" value="/usr/lib/jvm/java-9-openjdk-amd64/lib/amd64"/>
    <property name="java.vm.version" value="9-internal+0-2016-04-14-195246.buildd.src"/>
    <property name="java.vm.vendor" value="Oracle Corporation"/>
    <property name="maven.multiModuleProjectDirectory" value="/home/santhoshm309/Downloads/mallet-2.0.8"/>
    <property name="java.vendor.url" value="http://java.oracle.com/"/>
    <property name="path.separator" value=":"/>
    <property name="guice.disable.misplaced.annotation.check" value="true"/>
    <property name="java.vm.name" value="OpenJDK 64-Bit Server VM"/>
    <property name="file.encoding.pkg" value="sun.io"/>
    <property name="user.country" value="US"/>
    <property name="sun.java.launcher" value="SUN_STANDARD"/>
    <property name="sun.os.patch.level" value="unknown"/>
    <property name="java.vm.compressedOopsMode" value="32-bit"/>
    <property name="java.vm.specification.name" value="Java Virtual Machine Specification"/>
    <property name="user.dir" value="/home/santhoshm309/Downloads/mallet-2.0.8"/>
    <property name="java.runtime.version" value="9-internal+0-2016-04-14-195246.buildd.src"/>
    <property name="java.awt.graphicsenv" value="sun.awt.X11GraphicsEnvironment"/>
    <property name="os.arch" value="amd64"/>
    <property name="java.io.tmpdir" value="/tmp"/>
    <property name="line.separator" value="&#10;"/>
    <property name="java.vm.specification.vendor" value="Oracle Corporation"/>
    <property name="os.name" value="Linux"/>
    <property name="classworlds.conf" value="/usr/share/maven/bin/m2.conf"/>
    <property name="sun.jnu.encoding" value="UTF-8"/>
    <property name="java.library.path" value="/usr/java/packages/lib/amd64:/usr/lib/x86_64-linux-gnu/jni:/lib/x86_64-linux-gnu:/usr/lib/x86_64-linux-gnu:/usr/lib/jni:/lib:/usr/lib"/>
    <property name="jdk.debug" value="release"/>
    <property name="java.specification.name" value="Java Platform API Specification"/>
    <property name="java.class.version" value="53.0"/>
    <property name="sun.management.compiler" value="HotSpot 64-Bit Tiered Compilers"/>
    <property name="os.version" value="4.13.0-36-generic"/>
    <property name="user.home" value="/root"/>
    <property name="user.timezone" value="Asia/Kolkata"/>
    <property name="java.awt.printerjob" value="sun.print.PSPrinterJob"/>
    <property name="java.specification.version" value="9"/>
    <property name="file.encoding" value="UTF-8"/>
    <property name="user.name" value="root"/>
    <property name="java.class.path" value="/usr/share/maven/boot/plexus-classworlds-2.x.jar"/>
    <property name="java.vm.specification.version" value="9"/>
    <property name="sun.arch.data.model" value="64"/>
    <property name="java.home" value="/usr/lib/jvm/java-9-openjdk-amd64"/>
    <property name="sun.java.command" value="org.codehaus.plexus.classworlds.launcher.Launcher clean install"/>
    <property name="java.specification.vendor" value="Oracle Corporation"/>
    <property name="user.language" value="en"/>
    <property name="awt.toolkit" value="sun.awt.X11.XToolkit"/>
    <property name="java.vm.info" value="mixed mode"/>
    <property name="java.version" value="9-internal"/>
    <property name="securerandom.source" value="file:/dev/./urandom"/>
    <property name="java.vendor" value="Oracle Corporation"/>
    <property name="maven.home" value="/usr/share/maven"/>
    <property name="file.separator" value="/"/>
    <property name="java.vendor.url.bug" value="http://bugreport.java.com/bugreport/"/>
    <property name="sun.cpu.endian" value="little"/>
    <property name="sun.io.unicode.encoding" value="UnicodeLittle"/>
    <property name="sun.cpu.isalist" value=""/>
  </properties>
  <testcase name="testPerDocEval" classname="cc.mallet.extract.test.TestPerDocumentF1Evaluator" time="0.026"/>
  <testcase name="testPerFieldEval" classname="cc.mallet.extract.test.TestPerDocumentF1Evaluator" time="0.011"/>
  <testcase name="testToStdout" classname="cc.mallet.extract.test.TestPerDocumentF1Evaluator" time="0.002"/>
  <testcase name="testPunctuationIgnoringEvaluator" classname="cc.mallet.extract.test.TestPerDocumentF1Evaluator" time="0.004">
    <failure message="expected:&lt;...t	Pred	Target&#10;title	[2	4	5&#10;O	0	0	0&#10;author	3	4	5&#10;&#10;Testing per-field F1&#10;Name	P	R	F1&#10;title	0.5	0.4	0.4444&#10;O	0	1	0&#10;author	0.75	0.6	0.6667&#10;OVERALL (micro-averaged) P=0.625 R=0.5 F1=0.5556&#10;OVERALL (macro-averaged) F1=0.5556]&#10;&#10;&gt; but was:&lt;...t	Pred	Target&#10;title	[1	4	5&#10;O	0	0	0&#10;author	3	4	5&#10;&#10;Testing per-field F1&#10;Name	P	R	F1&#10;title	0.25	0.2	0.2222&#10;O	0	1	0&#10;author	0.75	0.6	0.6667&#10;OVERALL (micro-averaged) P=0.5 R=0.4 F1=0.4444&#10;OVERALL (macro-averaged) F1=0.4444]&#10;&#10;&gt;" type="junit.framework.ComparisonFailure"><![CDATA[junit.framework.ComparisonFailure: expected:<...t	Pred	Target
title	[2	4	5
O	0	0	0
author	3	4	5

Testing per-field F1
Name	P	R	F1
title	0.5	0.4	0.4444
O	0	1	0
author	0.75	0.6	0.6667
OVERALL (micro-averaged) P=0.625 R=0.5 F1=0.5556
OVERALL (macro-averaged) F1=0.5556]

> but was:<...t	Pred	Target
title	[1	4	5
O	0	0	0
author	3	4	5

Testing per-field F1
Name	P	R	F1
title	0.25	0.2	0.2222
O	0	1	0
author	0.75	0.6	0.6667
OVERALL (micro-averaged) P=0.5 R=0.4 F1=0.4444
OVERALL (macro-averaged) F1=0.4444]

>
	at junit.framework.Assert.assertEquals(Assert.java:85)
	at junit.framework.Assert.assertEquals(Assert.java:91)
	at cc.mallet.extract.test.TestPerDocumentF1Evaluator.testPunctuationIgnoringEvaluator(TestPerDocumentF1Evaluator.java:181)
]]></failure>
  </testcase>
  <testcase name="testFieldCleaning" classname="cc.mallet.extract.test.TestPerDocumentF1Evaluator" time="0.007"/>
</testsuite>